
Training options:
{
  "num_gpus": 1,
  "image_snapshot_ticks": 50,
  "network_snapshot_ticks": 50,
  "metrics": [
    "fid50k_full"
  ],
  "random_seed": 0,
  "training_set_kwargs": {
    "class_name": "training.dataset.ImageFolderDataset",
    "path": "/media/data6/shengqu/datasets/acid/train/frames",
    "use_labels": false,
    "max_size": 487503,
    "xflip": false,
    "resolution": 128
  },
  "data_loader_kwargs": {
    "pin_memory": true,
    "num_workers": 3,
    "prefetch_factor": 2
  },
  "G_kwargs": {
    "class_name": "training.networks.Generator",
    "z_dim": 512,
    "w_dim": 512,
    "mapping_kwargs": {
      "num_layers": 2
    },
    "synthesis_kwargs": {
      "channel_base": 16384,
      "channel_max": 512,
      "num_fp16_res": 4,
      "conv_clamp": 256
    }
  },
  "D_kwargs": {
    "class_name": "training.networks.Discriminator",
    "block_kwargs": {},
    "mapping_kwargs": {},
    "epilogue_kwargs": {
      "mbstd_group_size": 4
    },
    "channel_base": 16384,
    "channel_max": 512,
    "num_fp16_res": 4,
    "conv_clamp": 256
  },
  "G_opt_kwargs": {
    "class_name": "torch.optim.Adam",
    "lr": 0.0025,
    "betas": [
      0,
      0.99
    ],
    "eps": 1e-08
  },
  "D_opt_kwargs": {
    "class_name": "torch.optim.Adam",
    "lr": 0.0025,
    "betas": [
      0,
      0.99
    ],
    "eps": 1e-08
  },
  "loss_kwargs": {
    "class_name": "training.loss.StyleGAN2Loss",
    "r1_gamma": 0.1024
  },
  "total_kimg": 25000,
  "batch_size": 32,
  "batch_gpu": 32,
  "ema_kimg": 10.0,
  "ema_rampup": 0.05,
  "ada_target": 0.6,
  "augment_kwargs": {
    "class_name": "training.augment.AugmentPipe",
    "xflip": 1,
    "rotate90": 1,
    "xint": 1,
    "scale": 1,
    "rotate": 1,
    "aniso": 1,
    "xfrac": 1,
    "brightness": 1,
    "contrast": 1,
    "lumaflip": 1,
    "hue": 1,
    "saturation": 1
  },
  "run_dir": "/media/data6/shengqu/stylegan2/training-runs/00001-frames-auto1"
}

Output directory:   /media/data6/shengqu/stylegan2/training-runs/00001-frames-auto1
Training data:      /media/data6/shengqu/datasets/acid/train/frames
Training duration:  25000 kimg
Number of GPUs:     1
Number of images:   487503
Image resolution:   128
Conditional model:  False
Dataset x-flips:    False

Creating output directory...
Launching processes...
Loading training set...

Num images:  487503
Image shape: [3, 128, 128]
Label shape: [0]

Constructing networks...
Setting up PyTorch plugin "bias_act_plugin"... Done.
Setting up PyTorch plugin "upfirdn2d_plugin"... Done.

Generator             Parameters  Buffers  Output shape         Datatype
---                   ---         ---      ---                  ---     
mapping.fc0           262656      -        [32, 512]            float32 
mapping.fc1           262656      -        [32, 512]            float32 
mapping               -           512      [32, 12, 512]        float32 
synthesis.b4.conv1    2622465     32       [32, 512, 4, 4]      float32 
synthesis.b4.torgb    264195      -        [32, 3, 4, 4]        float32 
synthesis.b4:0        8192        16       [32, 512, 4, 4]      float32 
synthesis.b4:1        -           -        [32, 512, 4, 4]      float32 
synthesis.b8.conv0    2622465     80       [32, 512, 8, 8]      float32 
synthesis.b8.conv1    2622465     80       [32, 512, 8, 8]      float32 
synthesis.b8.torgb    264195      -        [32, 3, 8, 8]        float32 
synthesis.b8:0        -           16       [32, 512, 8, 8]      float32 
synthesis.b8:1        -           -        [32, 512, 8, 8]      float32 
synthesis.b16.conv0   2622465     272      [32, 512, 16, 16]    float16 
synthesis.b16.conv1   2622465     272      [32, 512, 16, 16]    float16 
synthesis.b16.torgb   264195      -        [32, 3, 16, 16]      float16 
synthesis.b16:0       -           16       [32, 512, 16, 16]    float16 
synthesis.b16:1       -           -        [32, 512, 16, 16]    float32 
synthesis.b32.conv0   2622465     1040     [32, 512, 32, 32]    float16 
synthesis.b32.conv1   2622465     1040     [32, 512, 32, 32]    float16 
synthesis.b32.torgb   264195      -        [32, 3, 32, 32]      float16 
synthesis.b32:0       -           16       [32, 512, 32, 32]    float16 
synthesis.b32:1       -           -        [32, 512, 32, 32]    float32 
synthesis.b64.conv0   1442561     4112     [32, 256, 64, 64]    float16 
synthesis.b64.conv1   721409      4112     [32, 256, 64, 64]    float16 
synthesis.b64.torgb   132099      -        [32, 3, 64, 64]      float16 
synthesis.b64:0       -           16       [32, 256, 64, 64]    float16 
synthesis.b64:1       -           -        [32, 256, 64, 64]    float32 
synthesis.b128.conv0  426369      16400    [32, 128, 128, 128]  float16 
synthesis.b128.conv1  213249      16400    [32, 128, 128, 128]  float16 
synthesis.b128.torgb  66051       -        [32, 3, 128, 128]    float16 
synthesis.b128:0      -           16       [32, 128, 128, 128]  float16 
synthesis.b128:1      -           -        [32, 128, 128, 128]  float32 
---                   ---         ---      ---                  ---     
Total                 22949277    44448    -                    -       


Discriminator  Parameters  Buffers  Output shape         Datatype
---            ---         ---      ---                  ---     
b128.fromrgb   512         16       [32, 128, 128, 128]  float16 
b128.skip      32768       16       [32, 256, 64, 64]    float16 
b128.conv0     147584      16       [32, 128, 128, 128]  float16 
b128.conv1     295168      16       [32, 256, 64, 64]    float16 
b128           -           16       [32, 256, 64, 64]    float16 
b64.skip       131072      16       [32, 512, 32, 32]    float16 
b64.conv0      590080      16       [32, 256, 64, 64]    float16 
b64.conv1      1180160     16       [32, 512, 32, 32]    float16 
b64            -           16       [32, 512, 32, 32]    float16 
b32.skip       262144      16       [32, 512, 16, 16]    float16 
b32.conv0      2359808     16       [32, 512, 32, 32]    float16 
b32.conv1      2359808     16       [32, 512, 16, 16]    float16 
b32            -           16       [32, 512, 16, 16]    float16 
b16.skip       262144      16       [32, 512, 8, 8]      float16 
b16.conv0      2359808     16       [32, 512, 16, 16]    float16 
b16.conv1      2359808     16       [32, 512, 8, 8]      float16 
b16            -           16       [32, 512, 8, 8]      float16 
b8.skip        262144      16       [32, 512, 4, 4]      float32 
b8.conv0       2359808     16       [32, 512, 8, 8]      float32 
b8.conv1       2359808     16       [32, 512, 4, 4]      float32 
b8             -           16       [32, 512, 4, 4]      float32 
b4.mbstd       -           -        [32, 513, 4, 4]      float32 
b4.conv        2364416     16       [32, 512, 4, 4]      float32 
b4.fc          4194816     -        [32, 512]            float32 
b4.out         513         -        [32, 1]              float32 
---            ---         ---      ---                  ---     
Total          23882369    352      -                    -       

Setting up augmentation...
Distributing across 1 GPUs...
Setting up training phases...
Exporting sample images...
0 a755c77e3b019dc1/75475000.png
1 af8d068116903609/135235100.png
2 0a9c670fdc395fcd/54960000.png
3 6fcae49bfa9b05f5/28628600.png
4 785f9c13350566b9/66466400.png
5 f7bf32621bfaa258/209509300.png
6 43240a22d70639a7/707874541.png
7 1e5c64350767444c/145700000.png
8 e1dea57a6acccf1b/128670000.png
9 72a56a9b5ab54386/2837167667.png
10 56bda4f65ea22d72/629826319.png
11 6b94c49d6575b939/55089000.png
12 5a01aca343cbc215/120086633.png
13 7c9494fd4f106d9c/241491250.png
14 4eafc0090af20207/39160000.png
15 917f071271d6cbff/597730467.png
16 bafbc6df78a78d19/43251000.png
17 786206d906fd05e6/37905000.png
18 93e87c3128d8c20c/67300567.png
19 a063da1567e6dfb0/193026167.png
20 e3ef559c3137aa36/2164629000.png
21 72d82aada8cb1f54/39706000.png
22 9c6c97db6143d7c0/1967498867.png
23 78e2605df8aa837c/37231000.png
24 ffb8900dfd8abe71/621821200.png
25 9f73c2a007ad3a53/132565767.png
26 e5285fae2e7328d7/100366933.png
27 ed29587ce3e9c577/452485000.png
28 31f95b7fd043130a/142375567.png
29 f98981baa6b8ee65/2192424000.png
30 4a7e6d2ac6dab9bc/52119000.png
31 169381b6448c7877/139205000.png
32 3fb182069789a407/282281000.png
33 91ad8136035097bf/83250000.png
34 d7e53e00d33b4935/104672000.png
35 16db68b8c7749fa8/4328657667.png
36 18c5d2ea2eea7b08/123056000.png
37 b20d61d82c1057f5/3248612033.png
38 a795be778a450ca1/2728459067.png
39 fca987ef1dde4ea0/3084281000.png
40 6a58dc7d7ef3b1c1/137804333.png
41 96f011a9a66bc268/150416933.png
42 d681ea70e8c0482d/272973000.png
43 d5ef060996392362/253500000.png
44 7e9807b488350cd6/760025933.png
45 355758869fd55801/205371833.png
46 db7fb57c1bffdddd/122523000.png
47 e40594059ec1a2a8/75675000.png
48 7e9807b488350cd6/751083667.png
49 d8409fae7feda328/51301250.png
50 638d641b8255d647/339239000.png
51 f976c57572a6ce0e/4227489933.png
52 7436de9bca9c4415/92292000.png
53 5e985b6b210e0f92/450249800.png
54 0ec1ae41d18b73ca/59926533.png
55 faf3bb76a633f435/998832000.png
56 d68495d47bf40a86/258067000.png
57 ad6a3685113e94b7/60326933.png
58 8906ec7340a9fea9/253853600.png
59 595893805d25456c/11378033.png
60 29e15c8c4d742083/301762000.png
61 fca987ef1dde4ea0/3082479000.png
62 3f327a802a01c44b/94060633.png
63 abedefad025379a0/1570802000.png
64 7d82aec294336a7f/172205000.png
65 648ee0a94a114414/561261000.png
66 c3c2e2fcf5ad12f4/16300000.png
67 27e46091d1f7b3c1/105506000.png
68 71ef781e0eb44512/1168033533.png
69 75f8050e1eae15e1/105905800.png
70 4fed525f15343c50/62720000.png
71 4325168487348577/3628124500.png
72 75c428f1348843a9/446346000.png
73 b4dc3515c4ca1527/29462000.png
74 fcbd42c6ad4b2529/135075000.png
75 26c6856ec18ffa62/309108800.png
76 3f81943a2a949ec5/3918581333.png
77 b47bf6c3829e392c/189990000.png
78 6bed455747dda215/36578208.png
79 76b049da18eda649/132532400.png
80 69cb01aac38c2167/159440000.png
81 ecfd550be50bd857/4541403533.png
82 cc3d70c2c2b13e55/88566667.png
83 be157a4c3ee30747/70036633.png
84 d080086d1e293422/1090890000.png
85 1f2094f9c3bc8b80/489422267.png
86 11cc7d45f4d6bc3f/2317748767.png
87 f84caf9e63ef9fbb/273406000.png
88 4693933cb8edd53e/4690752733.png
89 a063da1567e6dfb0/192158633.png
90 aadfc0aea4be51a2/1780545000.png
91 2d02b95abb3fc3ef/1069802000.png
92 d8409fae7feda328/53845458.png
93 de36ed8609129c50/46446400.png
94 ca8d5766e7b42eb1/4611373433.png
95 e831e23cd75ab6c6/118651000.png
96 0e523a0997c3318f/3323420100.png
97 e75b4dd9975c6f71/41166667.png
98 57f56099cd5d0ba4/99199000.png
99 d1d074d35e897014/171671672.png
100 daafe4cf1afae0ac/72772700.png
101 2412a573145a7a2e/65331933.png
102 a958b98af299210b/149816333.png
103 07a56aa80ddb57ba/402435000.png
104 48335f4e9b06256c/2382913867.png
105 1f7c440e81664248/95960000.png
106 8ff5672d5f7c8c8b/314247267.png
107 955f5e14c1f3ee34/246012433.png
108 35837db5e95ef0f4/25793000.png
109 eede9884e0581505/121412958.png
110 223b4cb8344cbef5/118533333.png
111 e831e23cd75ab6c6/99566000.png
112 cf2d2b0bd726e2cd/19386033.png
113 183888ad23f2b08a/72472400.png
114 3e283c0a8f08efc5/75842000.png
115 daea6ab83805891a/199132267.png
116 2d02b95abb3fc3ef/1061260000.png
117 ccb8b49c4b4b0eee/202869333.png
118 89147f218f23252b/284900000.png
119 ba16806ce1641cc3/146080000.png
120 4325168487348577/3618348067.png
121 60c91365d2365cb5/2693457000.png
122 d7fca566a7941495/4449778667.png
123 2faef15e32d61d4b/28000000.png
124 d6cf2995d0ee0f30/512779000.png
125 0191035290dc50a2/4728457067.png
126 1d0c38dd8dbcdf71/90890000.png
127 22d1f9a9a0ec4132/58933333.png
128 3fcb7b6b398b4064/92058000.png
129 3e283c0a8f08efc5/72706000.png
130 cb31910fec97e5cd/3557320433.png
131 a3dede4f199e657d/2653317333.png
132 ed29587ce3e9c577/445144000.png
133 197f8b117ea7adf2/825624800.png
134 94c4d0dc1d7ae774/1938636700.png
135 9c6c97db6143d7c0/1966097467.png
136 987fb4738a7e35a9/235068000.png
137 88d5d8dcc819989d/112979533.png
138 f2a34c7254940f53/493960000.png
139 5da632405dce0445/937670067.png
140 068b1caaeb07a364/2400297900.png
141 96fb5631c5af9f51/246613033.png
142 07a56aa80ddb57ba/377311000.png
143 76e5d003d42d64a3/15348667.png
144 bd7e748549d2d780/2344275000.png
145 aadfc0aea4be51a2/1795860000.png
146 303a14092eec62e3/74275000.png
147 9c7a0868db2c1aa1/1323755767.png
148 2137d5e948c7f1e2/2011776433.png
149 391b4acdceb69fb2/71446000.png
150 65747b3045373c33/441808000.png
151 f8e283943d00a04d/224958000.png
152 2af46be517a82ff2/142442300.png
153 c288b94654100871/1817249000.png
154 e7cb606edd02f7ab/59000000.png
155 6f7e3e5e0af67ea8/168234902.png
156 1eff31d30a7aad1f/310643667.png
157 29b58c6c068323af/262195267.png
158 47126458073fa8c8/57858000.png
159 6690d8decce051bf/1104036267.png
160 7b4a2f22da537243/116416000.png
161 912ea0936cadd6da/76176100.png
162 fc3eea21211a7126/122498000.png
163 2013200e9d79534c/96179000.png
164 de0432867b11435b/150017000.png
165 3010fb26c6309b39/402104208.png
166 0d9a16e924dbd945/193660133.png
167 6afda631e4830f8e/172805967.png
168 07a56aa80ddb57ba/389356000.png
169 ef0753c88ee52b6f/122160000.png
170 e71fbf373f35269e/72038700.png
171 e3475cb70a67e1aa/191925067.png
172 dd0c70b67523bfe3/712879000.png
173 6ae991e371ad38c2/178344833.png
174 cf48a5bbfc36cb38/718884833.png
175 c2bf3da2629b3329/68569000.png
176 5ed91f2069b6235a/3464961500.png
177 0c31f92fd9eefb82/117158708.png
178 c1c4c7ee268ca4d4/726092033.png
179 19a82d7e74ee7bd8/219052167.png
180 7f835005a872cd24/48048000.png
181 5da632405dce0445/914914000.png
182 ab9c2d0f4a650dba/572038133.png
183 bd7e748549d2d780/2338202000.png
184 95ed6c24844a5ced/100333333.png
185 aadfc0aea4be51a2/1784616000.png
186 5dc479d96592fb9e/158791967.png
187 9e325c0ea7277a2d/40920000.png
188 ff1eea24b6d9fd2f/286552933.png
189 71b1e041a1479db2/100701000.png
190 11cc7d45f4d6bc3f/2318349367.png
191 6639fb7a949425f6/48615233.png
192 c76af664bffd625a/3179409567.png
193 430f15f930a60072/2820851367.png
194 cda2e22a2deac04b/50250200.png
195 4746acfcf9769cfa/73107000.png
196 a2f101debdeed5c5/210499000.png
197 f2a34c7254940f53/484417000.png
198 11cc7d45f4d6bc3f/2323921600.png
199 1c6451a540bc5d07/913780000.png
200 adb92b6662497511/1153886067.png
201 90462f6feb6d475e/102970000.png
202 f3218100d129be59/65966000.png
203 3d866269b01a4bfe/110377000.png
204 b9a9fb59a6c8b5bc/148515033.png
205 de813f957e093bd9/35577208.png
206 789a60541d2a35d7/258725000.png
207 aadfc0aea4be51a2/1782481000.png
208 3f81943a2a949ec5/3922985733.png
209 a042e15cffc1cfca/75875000.png
210 42074538d039447b/327327000.png
211 4cf9669bcf2f0a0c/43076367.png
212 f57c01dc7dca16d2/192359000.png
213 20c3d098e3b28058/90157000.png
214 d2fa8c35111be2f2/186640000.png
215 2e8bfbc255b2a70a/163875000.png
216 6fa8232617e77870/179137000.png
217 7957db78777a273b/370704000.png
218 076f808b38a3d2ea/37804467.png
219 daafe4cf1afae0ac/71471400.png
220 f2a34c7254940f53/494661000.png
221 08995b1223a0923d/197000000.png
222 b5f9a4135bbca2e1/180647133.png
223 62c0ddfe38009319/18085000.png
224 aadfc0aea4be51a2/1771537000.png
225 2c59bff2e607f28d/1039138100.png
226 d404839fc40c001d/77477000.png
227 70a4921edcf5a089/2501432267.png
228 4423d69631e72bce/18752067.png
229 58b4bf155a5665b7/1253518933.png
230 4173de2996176e21/2874872000.png
231 45e8567d1083e9bf/158458300.png
232 8eaa0dc8d84a4dfa/208133333.png
233 ffaf580ea1e3658e/84080000.png
234 94c4d0dc1d7ae774/1938736800.png
235 73ce14d10249504f/1045845000.png
236 af8bae9b13ef504b/423690000.png
237 2c59bff2e607f28d/1016982633.png
238 1a191e94f91a27e7/132599133.png
239 1c3910d7ff960584/1209841967.png
240 2267b226127f827d/118518000.png
241 6cb9e5da962a07ee/1668166500.png
242 7bb1d338806c77e4/17142125.png
243 5ed91f2069b6235a/3463159700.png
244 bc2e07a4da864c33/583015767.png
245 54e06e3fda9e3df9/80580500.png
246 e22ba3ffad552f90/37003633.png
247 325551ad021efed7/244410833.png
248 0a6387bebeafaf33/2883247033.png
249 723196f1c88a4085/686786100.png
250 60ba10ac7e9495ac/1001433767.png
251 2412a573145a7a2e/57724333.png
252 7be681ab79350714/53553500.png
253 73b80c3623412dd2/220853967.png
254 be157a4c3ee30747/67267200.png
255 9d7057c0125a74e5/2587919000.png
256 1e890165a1a64e2a/178303000.png
257 fd690c8bafbe9a07/137000000.png
258 d794a3bc0a425619/305200000.png
259 27f60df3083a529b/3024722000.png
260 70a4921edcf5a089/2501499000.png
261 03bbacb32327227d/138204733.png
262 0b6accf51460a0b1/2245143000.png
263 8c2f6e2bd500239b/785651533.png
264 a4d9f6f4a2772b18/941674067.png
265 aa9a8d0a88cd51db/159859000.png
266 cf33c07caad82eea/34409375.png
267 d140aa90fd8096ce/1584316067.png
268 b2199f6b8f368119/34434400.png
269 3df6042998c22df1/2628859567.png
270 421d720cec9ef2d4/42008000.png
271 c288b94654100871/1810108000.png
272 7d5064ec1ea4407c/120920000.png
273 942b3260e55ccf77/123289833.png
274 43ffdf806f0879cf/195295100.png
275 d5ba03abe3fc9db0/28695333.png
276 60698bf4aee35104/214648000.png
277 a97deaa571ce9768/1796461333.png
278 b1d1f11472f7c6a3/167500000.png
279 d78a12e6667c5eb8/334067067.png
280 d05a37a702a44628/1171904000.png
281 8035b9ff628d438b/358025000.png
282 143e8538e36672cd/106239467.png
283 ea055a541b9b1585/447313000.png
284 3ab14a0f254ad0e6/575108000.png
285 7a3e1e2fa45c9b9e/3302799000.png
286 430f15f930a60072/2825856367.png
287 a51e627ba30002c4/30030000.png
288 daea6ab83805891a/198131267.png
289 866a2d3d249b3a4c/156089000.png
290 b7518177f7139a0e/15048367.png
291 6e8536b41ced5c71/16950267.png
292 670beef5fa4e7b65/665165000.png
293 3ab14a0f254ad0e6/556022000.png
294 af8d068116903609/136970167.png
295 9efbc62b5455aafe/2165196367.png
296 2cab99a9b3144bc2/106439667.png
297 e86c6167b214bb99/22389000.png
298 96f011a9a66bc268/152385567.png
299 183888ad23f2b08a/75542133.png
300 c15530b162dc29c3/2487518000.png
301 c72fcc8fbb7021a0/29863167.png
302 a1d044672b27685c/601601000.png
303 c19e220d24bb92ef/120487033.png
304 2937009b1837b74b/2665096000.png
305 289274d9a2c2bb0f/1265430833.png
306 5a2b48f570c3d442/91157733.png
307 6b6eab368b64f8a3/44978000.png
308 648ee0a94a114414/555488000.png
309 60698bf4aee35104/201769000.png
310 51b6f4362df71142/128294833.png
311 20c3d098e3b28058/104004000.png
312 65747b3045373c33/426693000.png
313 c98c257ff689b5bb/83617000.png
314 ac7ad8304197fcf3/182066667.png
315 6dc1e746d2bf4843/805738267.png
316 917f071271d6cbff/598364433.png
317 994f8b4836ac3da2/70937533.png
318 50fae59d3bff93f4/2786250133.png
319 daa02bdc0b99c679/65839156.png
320 f84181beccbd5e13/456255800.png
321 be63ae7081c0f0b4/99132367.png
322 0847113caca0bbb2/63363000.png
323 a4d9f6f4a2772b18/913279033.png
324 a00614cbc15dfe97/138625000.png
325 d05a37a702a44628/1177844000.png
326 a24db5a4acf98096/476909000.png
327 0d8c711d793bea47/2781879100.png
328 ac83617b45c08713/109943000.png
329 0f592aca632563d1/219886333.png
330 ffb8900dfd8abe71/621988033.png
331 08995b1223a0923d/220625000.png
332 9c7a0868db2c1aa1/1307406100.png
333 c49a746bd289cc46/193560000.png
334 489584eb4ebf319d/2928558967.png
335 b7236ef49157441c/93666667.png
336 8c2f6e2bd500239b/797096300.png
337 5b1cbed77438ac2f/106933333.png
338 ba32449bb3f39189/12512500.png
339 1d6345b3dc82646a/69170000.png
340 c0c79d95366b7703/281147533.png
341 55d16036c2a95bc8/525992133.png
342 8e66614c5b3b32ff/968834533.png
343 929ad35ecd6b1aad/1240573907.png
344 54c2cc03fc46e49c/288087800.png
345 a51e627ba30002c4/22523000.png
346 3f327a802a01c44b/98731967.png
347 ded17a6df423d24e/2312109800.png
348 0523b9e904631964/222733333.png
349 4a1f54b3aa23ad86/172005167.png
350 958afc287ccd4e99/73114711.png
351 be157a4c3ee30747/66633233.png
352 65747b3045373c33/426426000.png
353 60c91365d2365cb5/2693090000.png
354 b896ebcbe8d18553/64831433.png
355 6fa8232617e77870/189981000.png
356 f2a34c7254940f53/482582000.png
357 5d82f72f45c829d0/97570000.png
358 75b80bc28aea42e5/134134000.png
359 8c2f6e2bd500239b/771237133.png
360 a301819de97f0d5a/62495000.png
361 bfbb8ec94454b84f/113480033.png
362 3657f7014b95082b/1713244000.png
363 a3826620bf57328f/1195570571.png
364 bc2e07a4da864c33/585184600.png
365 9d7057c0125a74e5/2584348000.png
366 e22ba3ffad552f90/61795067.png
367 c4a2198f7205b880/248233333.png
368 3fcb7b6b398b4064/102135000.png
369 6835a6e795eeb823/2611876000.png
370 8e66614c5b3b32ff/983382400.png
371 eab2bd6815838f8e/2277241000.png
372 24f8d522f248df87/21230000.png
373 57e28a24af70a808/2099097000.png
374 33d5a9260d19da10/16891875.png
375 9439cb3f212019c3/144211000.png
376 26fe6a8708cec06c/68268200.png
377 af8bae9b13ef504b/415582000.png
378 47d759e11935fbef/301000000.png
379 346aa8dc351d2dba/30196833.png
380 fd9d98306e9bf7d0/23457000.png
381 845aff2b9f1f0e71/84375000.png
382 f4421fc161eb69f3/86219467.png
383 59f2d2a615ee7e04/107173000.png
384 414aa4660928d6ba/147180367.png
385 c9d71f87ffcc9b8b/82125000.png
386 a563d0e75e6821b1/203536667.png
387 e8c93f65d521d049/28094000.png
388 c8b65e2cba8ea389/63797000.png
389 fc3eea21211a7126/122122000.png
390 1c6451a540bc5d07/902034000.png
391 43ffdf806f0879cf/196763233.png
392 37774a3794f97dc6/62937875.png
393 3ee895281cf89ebd/2783414000.png
394 e1dea57a6acccf1b/125709000.png
395 47d759e11935fbef/295062000.png
396 7d4e99fe6639fd4c/1141182850.png
397 6032f034492476cc/93326000.png
398 bace011e72f7403c/215848000.png
399 ad65f9ed018a978d/1953484000.png
400 cf6c618092452701/984567901.png
401 19a53dbe44b4a58e/377610000.png
402 c288b94654100871/1803469000.png
403 d3738aa86d5eda8e/67208333.png
404 4eafc0090af20207/33880000.png
405 58b4bf155a5665b7/1245644400.png
406 3eb43cf75ab8adfb/359291667.png
407 d66abb350a800dc1/995728067.png
408 0e03675fb6ede418/233099000.png
409 04bd50ecad0d8f47/26226200.png
410 38465021a239d46e/232333333.png
411 955f5e14c1f3ee34/240240000.png
412 94c4d0dc1d7ae774/1938002733.png
413 85652f0e86bb936b/27827800.png
414 d90a8043e1ebfeae/1217015000.png
415 981bfd60602f8eca/358158000.png
416 4e831ae354edc1a1/752377377.png
417 1a191e94f91a27e7/130697233.png
418 1c6451a540bc5d07/902302000.png
419 076f808b38a3d2ea/33033033.png
420 a795be778a450ca1/2738802733.png
421 daafe4cf1afae0ac/73740333.png
422 634f5578ff1a6531/22080000.png
423 4e2912012be49a56/2077675600.png
424 74dd52424511d01e/55688967.png
425 cd750b497ebf0499/233566667.png
426 3e283c0a8f08efc5/77477000.png
427 9cdd0f5d7633ab73/1675708000.png
428 121e31903ea61448/166400000.png
429 b8ef20618a5c4e7e/91508083.png
430 16db68b8c7749fa8/4328390733.png
431 ed0e643389fb2c0f/884851000.png
432 0ec1ae41d18b73ca/59659600.png
433 d93af9b55cfac3d6/86586000.png
434 cd7fde67bb2577b9/137170367.png
435 4a375d575f33754e/155633333.png
436 b01f4af0adc26afd/2037368667.png
437 9d7057c0125a74e5/2581979000.png
438 63a08a93045363ae/45920878.png
439 ef1f6e769ebc1c7a/212700000.png
440 20d2b6bf57d5799a/627226600.png
441 66975b9b9315b78d/971737433.png
442 abbe5cfdbac4ec81/803569433.png
443 58b4bf155a5665b7/1244142900.png
444 c5d7a4cc39446536/159626133.png
445 3d139dbbde9c95ff/24033333.png
446 ca8fc0e74ca26cbe/98231467.png
447 11cc7d45f4d6bc3f/2322953967.png
448 f994c9dd95652195/642375000.png
449 2ca869a493624a89/98731967.png
450 cd7fde67bb2577b9/110710600.png
451 ecfd550be50bd857/4532361167.png
452 b01f4af0adc26afd/2042373667.png
453 e196d71034cf55dd/170603000.png
454 0c71ba50d1ed35e8/97180000.png
455 3fd301c29fcbf0a0/399332267.png
456 399ff5e3e581dcd2/76676000.png
457 91b50ba3be03ec15/35933333.png
458 03532ef5fc671b95/946905239.png
459 26fe6a8708cec06c/70470400.png
460 45e8567d1083e9bf/154621133.png
461 421d720cec9ef2d4/30864000.png
462 56956d96af39ee0d/1497195700.png
463 6639fb7a949425f6/53553500.png
464 6b7549b08727408c/244611000.png
465 fd9d98306e9bf7d0/22923000.png
466 fa0d910e19270413/232800000.png
467 d884a63dd53b6919/173773000.png
468 dcc8e9a3ec4195e1/28566667.png
469 a3fb3418cb4f2933/29300000.png
470 4547c7acc723505e/102875000.png
471 60d34f17a830cb21/706680027.png
472 15a193a97660a322/32032000.png
473 66e9c644daed8140/155856000.png
474 6533c9ca3d371c54/85085000.png
475 fa35a303ae5d4be6/2964528000.png
476 3ba87af66c22caaf/1659458000.png
477 4d15bbd24aca6c34/632665367.png
478 4b8c8a512a2f1897/176209000.png
479 89b77bd2e0acf118/204440000.png
480 6afda631e4830f8e/165632133.png
481 fb54fffc370d1b0a/545845300.png
482 634f5578ff1a6531/42600000.png
483 1eff31d30a7aad1f/320253267.png
484 cc3d70c2c2b13e55/94900000.png
485 04368a330961a35e/60427033.png
486 6835a6e795eeb823/2620718000.png
487 fdea26f3a6985d97/39473000.png
488 fdea26f3a6985d97/28595000.png
489 55ca14f3375a0b5c/251117533.png
490 fb9c37c89297d619/1320352367.png
491 6cf11bc3566237c6/109976533.png
492 e93d2814054ac90c/151718233.png
493 92e104de4f75019f/1521353000.png
494 1f7fb62f30ba54de/203169633.png
495 c15530b162dc29c3/2501165000.png
496 8c4c6bcef0e2d33d/110652208.png
497 08983125acd37c2b/74416000.png
498 60798bd55d5c77ba/2947344400.png
499 f976c57572a6ce0e/4220482933.png
500 57e28a24af70a808/2100598500.png
501 9088683b3c824d8b/181982000.png
502 47d759e11935fbef/284684000.png
503 bd8c7956eedc7838/43309933.png
504 c15530b162dc29c3/2489620000.png
505 2cfa407adbcccde6/53720000.png
506 8480281f357bda1c/42609233.png
507 be13ccb8485f20d6/3431094333.png
508 a795be778a450ca1/2711408700.png
509 54a0ddd237b064ac/101468033.png
510 895c948807401baa/1448880767.png
511 19f8b4037341bf18/26826800.png
512 4728450f1048c323/106439773.png
513 08995b1223a0923d/188458333.png
514 b4dc3515c4ca1527/14381000.png
515 2937009b1837b74b/2671402000.png
516 8d37859d2335d1ca/74607867.png
517 489584eb4ebf319d/2930327400.png
518 5a1057b4063365ae/81848000.png
519 a24db5a4acf98096/447380000.png
520 91e39a88dd7b9f60/37170467.png
521 634f5578ff1a6531/16600000.png
522 3a0b33f4e4f4dfca/60300000.png
523 9082c0ea8e973309/392919172.png
524 3569fd0a943d0c2e/258524933.png
525 4e3e343a9bc35714/1371069700.png
526 6afda631e4830f8e/153019533.png
527 7f835005a872cd24/58758700.png
528 9a9adfd55f7378b6/178386542.png
529 46da6caa37257501/88421000.png
530 2935a3955477f556/547505000.png
531 7e9807b488350cd6/758390967.png
532 f98981baa6b8ee65/2197795000.png
533 d994ce5969d83614/887052833.png
534 ab9e0453d02258a0/40974000.png
535 04ad13224cd51f02/107033333.png
536 b5702dcd9452227f/53853800.png
537 9d21f1f28fb7de9f/68869000.png
538 6ae991e371ad38c2/175441933.png
539 c0ba4c619f8cb2fe/90023267.png
540 895c948807401baa/1439137700.png
541 63a08a93045363ae/44294256.png
542 c26ad2bc9fcbfcf2/97130367.png
543 ab33ad515b1b8e81/69302567.png
544 0e2e222bbab4e1a2/60333333.png
545 8d65c3da676a2baf/188021355.png
546 4a96126441e9c2bf/216749000.png
547 9d135df6deed8d75/89656233.png
548 6fa8232617e77870/177219000.png
549 3e283c0a8f08efc5/74874000.png
550 e831e23cd75ab6c6/96296000.png
551 27e46091d1f7b3c1/106906000.png
552 7001bf3a5bef8cc1/51117733.png
553 71e511713c076f0b/33867167.png
554 4e63e5f76e940ad1/78733333.png
555 f4ce75753de06c58/82566667.png
556 0436aed306ec8d54/343969000.png
557 6bb7a96143cc623a/190423567.png
558 1c3910d7ff960584/1217182633.png
559 e3475cb70a67e1aa/201234367.png
560 95ed6c24844a5ced/98933333.png
561 04ae102308519fd8/2462594000.png
562 7a57f733b42e059f/4000796800.png
563 60d34f17a830cb21/706446226.png
564 062a7d28638f6d19/1905303400.png
565 d7ac36c452deb06c/211611400.png
566 60c796acee8a7be2/1064963900.png
567 cb31910fec97e5cd/3561758200.png
568 d6bdf9d5236d4b9e/139639500.png
569 0d76a831fcfdd41e/534034736.png
570 e33da2efe5ad29ac/1399998600.png
571 5717abe2a42485db/77702625.png
572 baffadd77dd51422/1138337200.png
573 a063da1567e6dfb0/193426567.png
574 f9f17ad605ea9ae5/39973267.png
575 a236c79b5db62fb9/60560000.png
576 27e46091d1f7b3c1/111444000.png
577 04a12cf9d6391ac0/131339542.png
578 7500b9522cc58213/163430000.png
579 48335f4e9b06256c/2365196167.png
580 aa9a8d0a88cd51db/165165000.png
581 2d4584237b589517/361994967.png
582 1eff31d30a7aad1f/309542567.png
583 855ea3fb3d1ea540/360660000.png
584 70a4921edcf5a089/2522353167.png
585 2d3f01ac18fb8e8f/1255254000.png
586 6b583722bbdf4c0b/41875167.png
587 04fd7ba2a3ada831/82208333.png
588 af8d068116903609/132365567.png
589 04bd50ecad0d8f47/20520500.png
590 5ebe8a8504e5fe5c/63963900.png
591 7dbe0df500161998/274207000.png
592 2cab99a9b3144bc2/111377933.png
593 bc2e07a4da864c33/590222967.png
594 f976c57572a6ce0e/4241704133.png
595 60c91365d2365cb5/2682914000.png
596 5ebe8a8504e5fe5c/63263200.png
597 ce296496a76d5d42/65356958.png
598 1c6451a540bc5d07/917917000.png
599 60b6739485ef504f/853452600.png
600 09fee85dd8e273c5/136233333.png
601 8c7cb62def4f6a15/186319653.png
602 719abb6cccfcdc37/46433333.png
603 9db50d0b017ccdda/1300098800.png
604 ea055a541b9b1585/448748000.png
605 97b69d5c510fb837/12445767.png
606 a9c65fbf699f6a7f/55880000.png
607 93f42f4f20c83229/3742071667.png
608 55ca14f3375a0b5c/251918333.png
609 985045c0211cbb72/88822000.png
610 daafe4cf1afae0ac/65131733.png
611 2e0b315cf94cce57/541808000.png
612 45e8567d1083e9bf/159859700.png
613 6bef59f22560f7c5/24080000.png
614 1367288d97663ecc/125191000.png
615 cb1e4fadc4ecab02/75333333.png
616 5b3e8916c0a25aae/88121367.png
617 7b4a2f22da537243/96229000.png
618 47d759e11935fbef/289556000.png
619 5cbd4977e877ce1b/240306733.png
620 26c6856ec18ffa62/302669033.png
621 f4ce75753de06c58/78033333.png
622 d179d50f84f4b83f/222600000.png
623 854ce04e03234058/154799000.png
624 0523b9e904631964/221766667.png
625 067538f61c8e3870/17100000.png
626 8023143e2a82453e/291758000.png
627 17dc8443823b3ee1/3389453000.png
628 e668f185a5ba7c38/396329000.png
629 50fae59d3bff93f4/2787751633.png
630 f1beb221d42d1b84/354821133.png
631 5b88140584fca445/106166667.png
632 07cb4412e22a89ae/184233333.png
633 3fd982ed40cd8363/140407000.png
634 49433e841b101e1a/27727728.png
635 7b8543ffb94641e8/152152000.png
636 76e5d003d42d64a3/18018000.png
637 9f1fc19b0bfa1734/31998633.png
638 5dc479d96592fb9e/163897067.png
639 f58db3b7a2ce9cc0/1126658867.png
640 d674021d935b083e/273373000.png
641 9ced6792ba9bc7c2/798506000.png
642 183888ad23f2b08a/85652233.png
643 21e1dde7a8313464/3197628000.png
644 987fb4738a7e35a9/231998000.png
645 20c3d098e3b28058/93660000.png
646 cb31910fec97e5cd/3559989767.png
647 dd0c70b67523bfe3/702935000.png
648 4746acfcf9769cfa/71238000.png
649 44f99ced78b7931c/53987267.png
650 d8409fae7feda328/57265542.png
651 ad6a3685113e94b7/57090367.png
652 f9c144fc57521d89/1329628000.png
653 681a9439efce1433/147948000.png
654 0847113caca0bbb2/62462000.png
655 fdef1fdfa002ea6d/286166667.png
656 74754780cbaf2a8b/402301000.png
657 d93af9b55cfac3d6/75208000.png
658 17dc8443823b3ee1/3399329000.png
659 cbf691a94bd50a1d/130731000.png
660 5fe00e4343dbea87/1927425000.png
661 c8cd00ac8fd0d474/4132428300.png
662 73ce14d10249504f/1040372000.png
663 a7b29cfe70d3f6a6/226960067.png
664 d681ea70e8c0482d/284951000.png
665 422b25f7203b5a59/452900000.png
666 11cc7d45f4d6bc3f/2327591933.png
667 1eff31d30a7aad1f/309042067.png
668 72575ee678430425/106958333.png
669 19a82d7e74ee7bd8/218017800.png
670 fe0428833b293005/26993633.png
671 ed29587ce3e9c577/451584000.png
672 68d9679403f23b04/81333333.png
673 eab2bd6815838f8e/2275306000.png
674 71e511713c076f0b/29763067.png
675 79502ebab72249af/3348611933.png
676 a24db5a4acf98096/458492000.png
677 cb7ccb6128cb723a/17918000.png
678 4746acfcf9769cfa/70271000.png
679 837512e880b5282d/149780000.png
680 0a152446df8c1392/2018883000.png
681 a97deaa571ce9768/1788820367.png
682 04fd7ba2a3ada831/79875000.png
683 202ef6241ddf86b1/120987533.png
684 7957db78777a273b/370287000.png
685 11cc7d45f4d6bc3f/2325723400.png
686 79502ebab72249af/3353583567.png
687 50fae59d3bff93f4/2777541433.png
688 edad763f950e9f8d/121554767.png
689 66975b9b9315b78d/976041733.png
690 d140aa90fd8096ce/1589020767.png
691 70a4921edcf5a089/2519884033.png
692 547fc2dff875a822/190557000.png
693 cd201a2bab039fb3/383483100.png
694 2d4584237b589517/360126433.png
695 4bd7e38befc26859/54487821.png
696 4423d69631e72bce/25759067.png
697 237cd31a20e64c5d/337337000.png
698 e70e7383f837f2d4/1274439833.png
699 9eb1a788203cee90/3602532267.png
700 ba32449bb3f39189/16391375.png
701 bc2e07a4da864c33/607506900.png
702 ffc56e43145f3ae5/109275833.png
703 3fd982ed40cd8363/138738000.png
704 a24db5a4acf98096/476376000.png
705 5a081d7d61b85204/1464763300.png
706 07cb4412e22a89ae/179333333.png
707 8e66614c5b3b32ff/984450133.png
708 4596e730e9aafe9d/53453400.png
709 fe0428833b293005/19352667.png
710 9046a7c6e1e5c749/151451300.png
711 b67374bf34d097fa/34601233.png
712 6afda631e4830f8e/160260100.png
713 6cb9e5da962a07ee/1658423433.png
714 ffc56e43145f3ae5/110510400.png
715 6df7b1a48af432cb/1971970000.png
716 56956d96af39ee0d/1497662833.png
717 9f73c2a007ad3a53/130663867.png
718 d994ce5969d83614/878043833.png
719 7b0442d04f364c36/1900365000.png
720 a2e097eec833d7b9/142909000.png
721 8eaa0dc8d84a4dfa/202766667.png
722 5e985b6b210e0f92/431697933.png
723 5a01aca343cbc215/127527400.png
724 d60884a98e4608c7/168668500.png
725 036b1f53a5acb82e/183200000.png
726 92e104de4f75019f/1523955000.png
727 60698bf4aee35104/193193000.png
728 ba32449bb3f39189/17100417.png
729 3569fd0a943d0c2e/272405467.png
730 2d02b95abb3fc3ef/1058791000.png
731 9bd2420d9540f3d9/82816000.png
732 20a2b54bb845c6e8/238238000.png
733 2d4584237b589517/363663300.png
734 4eea1a56e9025af2/14247567.png
735 229d895eb856c8ed/45178467.png
736 5e985b6b210e0f92/422622200.png
737 8c03b224652f7a26/15515500.png
738 ca8fc0e74ca26cbe/107474033.png
739 2ca869a493624a89/73973900.png
740 29b58c6c068323af/265565300.png
741 3710a16f0404a249/57957900.png
742 edf5fca1c9f4cb6c/270169900.png
743 1dbf0e72c0db3fd2/2268099167.png
744 a36e78bf11b5893b/47447000.png
745 e52993cdbcf75b65/120161711.png
746 09fee85dd8e273c5/132700000.png
747 5717abe2a42485db/68026292.png
748 f4421fc161eb69f3/94894800.png
749 fd9895ac52285836/4964459500.png
750 00c313231f445b05/26626600.png
751 32e0d2534aebdeb7/52152100.png
752 2ec81cf52e8e9492/4588750833.png
753 ca8d5766e7b42eb1/4610205600.png
754 744142954936cd79/326451125.png
755 4a7e6d2ac6dab9bc/52753000.png
756 f5e0681a9e98bf13/2253218000.png
757 206c08ff09278637/2234465567.png
758 5cbd4977e877ce1b/242542300.png
759 16db68b8c7749fa8/4345741400.png
760 91ad8136035097bf/85753000.png
761 9b3280acc91e598e/416499833.png
762 3569fd0a943d0c2e/272272000.png
763 987fb4738a7e35a9/229196000.png
764 4166252fe8add99c/53854000.png
765 e8ae68242ace9ee1/134701000.png
766 44a6fa071ea770d1/46213000.png
767 fd3acb362205d6eb/53320000.png
768 3fd301c29fcbf0a0/401801400.png
769 ed3c89742143039a/48715333.png
770 fdea26f3a6985d97/30797000.png
771 1f2094f9c3bc8b80/494260433.png
772 6639fb7a949425f6/50784067.png
773 a63cbde013a51c09/325425000.png
774 fa329483307d59ac/120287000.png
775 946f2e1b72272d1c/63530133.png
776 7a7bf403e34318d7/20887533.png
777 f98981baa6b8ee65/2187319000.png
778 68fd1f4f6a7eaa02/280246000.png
779 cf33c07caad82eea/43376667.png
780 defa0b73220c9d57/4402898500.png
781 6b98c3e3949b159e/123990000.png
782 69c3038caf732505/312045067.png
783 7b4a2f22da537243/116817000.png
784 eea426ba67142e9b/150484000.png
785 ed01ba5660fd718a/306458333.png
786 c42c36f2359e029d/2538802933.png
787 e3ef559c3137aa36/2169701000.png
788 4dd628f719511cee/175742000.png
789 6859fd8150fb5f16/2916346000.png
790 ad602e3e9a41ecf9/2388486100.png
791 8bd6ae2deb067504/139681348.png
792 382a8b4c9259933c/165832333.png
793 f57c01dc7dca16d2/179880000.png
794 cf6c618092452701/987112112.png
795 0d9a16e924dbd945/197297100.png
796 fdea26f3a6985d97/34134000.png
797 48649e6d4aabb66f/128228000.png
798 8310fe74e48ea0e1/648547900.png
799 3653241b53157cce/3274704767.png
800 5dc479d96592fb9e/158358200.png
801 70a4921edcf5a089/2522486633.png
802 db7fb57c1bffdddd/123957000.png
803 2013200e9d79534c/93885000.png
804 60798bd55d5c77ba/2963860900.png
805 612df19a0388607c/192958000.png
806 e268106da78d303e/223014681.png
807 4e2912012be49a56/2080411667.png
808 43ffdf806f0879cf/189556033.png
809 a97deaa571ce9768/1798429967.png
810 04a9d23d7c1123f1/43910000.png
811 adb92b6662497511/1163662500.png
812 92e104de4f75019f/1531597000.png
813 bafbc6df78a78d19/20854000.png
814 75b80bc28aea42e5/133968000.png
815 b9e5161cdbdc567b/253086000.png
816 daafe4cf1afae0ac/58124733.png
817 6afda631e4830f8e/149115633.png
818 9833cbdae4b8995a/249882967.png
819 cd34e1f23f01c13d/81815067.png
820 648ee0a94a114414/552386000.png
821 29b58c6c068323af/263796867.png
822 01fb55cb6f93e9f4/1912644067.png
823 a3fc30cc33b1147a/103503400.png
824 a755c77e3b019dc1/65532000.png
825 f6996b1f345e96b4/159126000.png
826 689278446bd400f7/201966667.png
827 da346e30050c6c00/183384000.png
828 9f1fc19b0bfa1734/26526500.png
829 1dbf0e72c0db3fd2/2257588667.png
830 5a081d7d61b85204/1474005867.png
831 4325168487348577/3617413800.png
832 0ec1ae41d18b73ca/63830433.png
833 dc4002fc40c73bcc/176943000.png
834 9cdd0f5d7633ab73/1680345000.png
835 18eeaf295230a26e/380179000.png
836 3eb43cf75ab8adfb/368666667.png
837 8d3989a5152c685b/95495000.png
838 1bc720e8b841f6af/158191000.png
839 e3c9b29aaacf1fba/59292000.png
840 57b09b1e586445e0/42292256.png
841 7b4bc1de2f579d55/232066000.png
842 3d139dbbde9c95ff/32633333.png
843 57b09b1e586445e0/34576211.png
844 d90a8043e1ebfeae/1225691000.png
845 2d3f01ac18fb8e8f/1246745000.png
846 17fccc54b4eb8ac9/118918800.png
847 405dcfc20f9ba5cb/34366667.png
848 28267615031e2167/142350000.png
849 ffbefe4d58cc142c/119085633.png
850 59972f2719f3cc31/508641467.png
851 489584eb4ebf319d/2932663067.png
852 316930aa5372829e/4188284100.png
853 db9b1d074c875cfe/61061000.png
854 ca521eda54424ce7/418184433.png
855 b21598263bc71a44/1099516183.png
856 bdb6b9f8dc186cfc/15640000.png
857 670781af677d3ac4/4803899100.png
858 ba16806ce1641cc3/147080000.png
859 8c4c6bcef0e2d33d/133967167.png
860 cae999d8fa1dc57a/71605000.png
861 368c7d2f07f6cd7f/3762625533.png
862 9cdd0f5d7633ab73/1694593000.png
863 d700902e18fb0db1/275275000.png
864 11cc7d45f4d6bc3f/2323020700.png
865 d05a37a702a44628/1165964000.png
866 c88d1cfec03bf49a/36420000.png
867 9ed6b14112bdfea7/31156000.png
868 f02d43a4dabe789d/95929000.png
869 c7e75594dfd7188c/125625500.png
870 430f15f930a60072/2817981833.png
871 60ba10ac7e9495ac/1004703700.png
872 3f327a802a01c44b/95261833.png
873 3a421a359c3b743e/1210977000.png
874 f994c9dd95652195/641274000.png
875 85652f0e86bb936b/21821800.png
876 51b6f4362df71142/127260467.png
877 fd9d98306e9bf7d0/24124000.png
878 e86c6167b214bb99/24124000.png
879 86c943f489d43ded/672004667.png
880 ca8fc0e74ca26cbe/97464033.png
881 9efbc62b5455aafe/2172603767.png
882 e12d155aa6b6f1a9/855754900.png
883 f5ae92dd3d7e87e0/614581000.png
884 839e207e282f1221/865498000.png
885 f976c57572a6ce0e/4240970067.png
886 93f6243768d3e902/24190833.png
887 a00614cbc15dfe97/141708333.png
888 0191035290dc50a2/4729958567.png
889 f3218100d129be59/65866000.png
890 d994ce5969d83614/884116567.png
891 a96d461dd060eb5a/5051346300.png
892 09fee85dd8e273c5/133066667.png
893 73b80c3623412dd2/217016800.png
894 74884fc3671b100e/3794557433.png
895 1eff31d30a7aad1f/336602933.png
896 b82e9474a4b0afec/91724967.png
897 3f48ab8d50773a01/103237000.png
898 73df5a5fe4942f55/839939100.png
899 eede9884e0581505/122831042.png
900 5a1057b4063365ae/82616000.png
901 57f56099cd5d0ba4/89690000.png
902 c60d457020cc6fb5/447513000.png
903 7a21bb497731831d/197998000.png
904 1e9cadf7d67ee02c/46379000.png
905 70a4921edcf5a089/2521785933.png
906 66e36fe893278128/88021267.png
907 9f9370a1514bafd8/292625667.png
908 39ba2649416ac03f/79712967.png
909 ad65f9ed018a978d/1946344000.png
910 26fe6a8708cec06c/67634233.png
911 73df5a5fe4942f55/838137300.png
912 66975b9b9315b78d/973072100.png
913 1980466d9ae2108b/223456790.png
914 d90a8043e1ebfeae/1229828000.png
915 ed0e643389fb2c0f/873206000.png
916 07a56aa80ddb57ba/406673000.png
917 912ea0936cadd6da/72072000.png
918 50fae59d3bff93f4/2774772000.png
919 1f2094f9c3bc8b80/489355533.png
920 a30a841259adaae9/523523000.png
921 cd750b497ebf0499/230163267.png
922 295d72462f4152a4/52219000.png
923 92e50fe30d9aab03/372305267.png
924 4746acfcf9769cfa/78812000.png
925 7e3e7f53eecb9a79/312712400.png
926 3e75ea203615e8a9/88000000.png
927 71b1e041a1479db2/96163000.png
928 7be681ab79350714/43410033.png
929 0191035290dc50a2/4740001933.png
930 c03c34ce6a6d08f3/1374673300.png
931 03bbacb32327227d/144310833.png
932 450313fbfcd2ebc7/298214000.png
933 b3894e4603d604d0/45231000.png
934 ba32449bb3f39189/17934583.png
935 c4486f0c88d8dbda/972638000.png
936 ccb8b49c4b4b0eee/212345467.png
937 942b3260e55ccf77/93927167.png
938 d7fca566a7941495/4449845400.png
939 a54ec3e5ba5675c2/183725208.png
940 6835a6e795eeb823/2623087000.png
941 547feb1fd37d50d7/133934000.png
942 9efbc62b5455aafe/2177108267.png
943 f16b9ff7838b81c6/54633000.png
944 ab3b6a87350e38b2/47380667.png
945 17dc8443823b3ee1/3392222000.png
946 5d82f72f45c829d0/95924000.png
947 b7236ef49157441c/95583333.png
948 04ae102308519fd8/2458356000.png
949 f57c01dc7dca16d2/182148000.png
950 4dd628f719511cee/184717000.png
951 7d4e99fe6639fd4c/1140640641.png
952 29b58c6c068323af/265064800.png
953 45e8567d1083e9bf/145478667.png
954 ff1eea24b6d9fd2f/283916967.png
955 9f1fc19b0bfa1734/30296933.png
956 fca987ef1dde4ea0/3081378000.png
957 20c3d098e3b28058/103971000.png
958 13cebbbcd2de6e78/21066667.png
959 4596e730e9aafe9d/58291567.png
960 4166252fe8add99c/50551000.png
961 3d89d53f7d0a8c1d/413346000.png
962 ffbefe4d58cc142c/117317200.png
963 bd8c7956eedc7838/40073367.png
964 4d15bbd24aca6c34/630830200.png
965 bafbc6df78a78d19/47130000.png
966 ff1eea24b6d9fd2f/288187900.png
967 27ba427ca7f976d4/127027000.png
968 bae7efb1e19581c8/78633333.png
969 416952363b159abe/110376933.png
970 4d05de6c0d30ed46/851601602.png
971 0c71ba50d1ed35e8/84376000.png
972 74b58844f081e730/128916667.png
973 6835a6e795eeb823/2625389000.png
974 e52993cdbcf75b65/126251122.png
975 8e66614c5b3b32ff/986318667.png
976 57e28a24af70a808/2102800700.png
977 b4dc3515c4ca1527/28061000.png
978 04ae102308519fd8/2459524000.png
979 fb54fffc370d1b0a/542542000.png
980 9eb1a788203cee90/3595158233.png
981 16e7981b3a19a4a1/152444111.png
982 41f378c226dd89f8/169240000.png
983 fe0428833b293005/30163467.png
984 414aa4660928d6ba/126092633.png
985 81e8cddc0472cfb9/21233333.png
986 be63ae7081c0f0b4/98431667.png
987 5bf5bdc1589542f0/248848000.png
988 98ecc7aa6f54daec/163000000.png
989 269a63e5acdc8322/178679000.png
990 d05a37a702a44628/1173606000.png
991 96fb5631c5af9f51/232765867.png
992 e0ae5ac31f76cb79/145311979.png
993 4e78c6ef9fee6dd6/268436874.png
994 4cbb2e5a31714fdc/382248000.png
995 dc4002fc40c73bcc/185052000.png
996 1c6451a540bc5d07/908007000.png
997 7b0442d04f364c36/1906471000.png
998 3fd301c29fcbf0a0/392925867.png
999 a8d4ac77f646dd13/26793000.png
1000 3096f57b1840c1dd/19919900.png
1001 bafbc6df78a78d19/34201000.png
1002 3f25d88082b2184d/28000000.png
1003 421d720cec9ef2d4/46413000.png
1004 8eaa0dc8d84a4dfa/207533333.png
1005 12bea6ad4db738af/135735000.png
1006 f77008b83e767032/1746611000.png
1007 daea6ab83805891a/209509300.png
1008 af8bae9b13ef504b/412078000.png
1009 acdf693cf2e31fa0/51267000.png
1010 1dbf0e72c0db3fd2/2263828233.png
1011 b32af493a1585966/64940000.png
1012 6787dd0d8966247b/29729000.png
1013 7ad139af09ddd79a/160160000.png
1014 6d2737bd9410e0a4/4545073867.png
1015 08995b1223a0923d/181666667.png
1016 e3792317ae266d83/22655967.png
1017 01fb55cb6f93e9f4/1928126200.png
1018 59972f2719f3cc31/520119600.png
1019 8dceb5b19060bfeb/221721500.png
1020 b28d6948e2815013/494702000.png
1021 828923f6f44b86aa/73239833.png
1022 defa0b73220c9d57/4404133067.png
1023 621bb678ca76dac4/53153100.png
Initializing logs...
Skipping tfevents export: No module named 'tensorboard'
Training for 25000 kimg...

tick 0     kimg 0.0      time 1m 00s       sec/tick 5.4     sec/kimg 169.37  maintenance 54.6   cpumem 3.23   gpumem 13.75  augment 0.000
tick 1     kimg 4.0      time 2m 12s       sec/tick 63.4    sec/kimg 15.84   maintenance 8.4    cpumem 3.45   gpumem 6.11   augment 0.006
tick 2     kimg 8.0      time 3m 16s       sec/tick 63.7    sec/kimg 15.94   maintenance 0.0    cpumem 3.45   gpumem 6.11   augment 0.011
tick 3     kimg 12.0     time 4m 20s       sec/tick 64.1    sec/kimg 16.02   maintenance 0.0    cpumem 3.45   gpumem 6.11   augment 0.018
tick 4     kimg 16.0     time 5m 24s       sec/tick 64.3    sec/kimg 16.08   maintenance 0.0    cpumem 3.45   gpumem 6.11   augment 0.023
tick 5     kimg 20.0     time 6m 28s       sec/tick 64.0    sec/kimg 15.99   maintenance 0.1    cpumem 3.45   gpumem 6.11   augment 0.026
tick 6     kimg 24.0     time 7m 32s       sec/tick 63.7    sec/kimg 15.92   maintenance 0.0    cpumem 3.45   gpumem 6.11   augment 0.030
tick 7     kimg 28.0     time 8m 36s       sec/tick 64.3    sec/kimg 16.07   maintenance 0.1    cpumem 3.45   gpumem 6.11   augment 0.035
tick 8     kimg 32.0     time 9m 41s       sec/tick 64.9    sec/kimg 16.22   maintenance 0.0    cpumem 3.45   gpumem 6.11   augment 0.039
tick 9     kimg 36.0     time 10m 46s      sec/tick 64.6    sec/kimg 16.15   maintenance 0.1    cpumem 3.45   gpumem 6.11   augment 0.039
tick 10    kimg 40.0     time 11m 51s      sec/tick 65.0    sec/kimg 16.25   maintenance 0.1    cpumem 3.45   gpumem 6.11   augment 0.043
tick 11    kimg 44.0     time 12m 55s      sec/tick 64.5    sec/kimg 16.13   maintenance 0.1    cpumem 3.45   gpumem 6.11   augment 0.047
tick 12    kimg 48.0     time 14m 00s      sec/tick 64.9    sec/kimg 16.24   maintenance 0.0    cpumem 3.45   gpumem 6.11   augment 0.050
